<?xml version="1.0" encoding="UTF-8"?>
<!-- Generated by org.testng.reporters.JUnitXMLReporter -->
<testsuite hostname="TYSS-MF-029" name="Test" tests="1" failures="1" timestamp="17 Aug 2017 15:55:19 GMT" time="40.867" errors="0">
  <testcase name="testMeasurementofLength" time="4.002" classname="com.pearsonebook.testscripts.EbookTest">
    <failure type="org.sikuli.script.FindFailed" message="can not find D:\Pearson Poc scripts\pearsonebook\src\test\resources\ebookImages\mathematics.PNG on the screen.">
      <![CDATA[FindFailed: can not find D:\Pearson Poc scripts\pearsonebook\src\test\resources\ebookImages\mathematics.PNG on the screen.
  Line 1574, in file Region.java

	at org.sikuli.script.Region.handleFindFailed(Region.java:1574)
	at org.sikuli.script.Region.wait(Region.java:1682)
	at org.sikuli.script.Region.find(Region.java:1590)
	at org.sikuli.script.Region.getLocationFromTarget(Region.java:1991)
	at org.sikuli.script.Region.click(Region.java:2197)
	at org.sikuli.script.Region.click(Region.java:2181)
	at com.pearsonebook.testscripts.EbookTest.testMeasurementofLength(EbookTest.java:130)
... Removed 24 stack frames]]>
    </failure>
  </testcase> <!-- testMeasurementofLength -->
</testsuite> <!-- Test -->
